05-11-2021, 08:07:42 --> Start logging variable ...  
05-11-2021, 08:07:42 $logMessage : vnlab.manager@gmail.com
05-11-2021, 08:07:42 --> End of logging variable ...  
05-11-2021, 08:07:42 --> Start logging variable ...  
05-11-2021, 08:07:42 $logMessage : Hello. I\'m an author of how to win friends & influence people. It is nice to meet you Leon.
05-11-2021, 08:07:42 --> End of logging variable ...  
05-11-2021, 08:07:47 --> Start logging variable ...  
05-11-2021, 08:07:47 $logMessage : bool(true)

05-11-2021, 08:07:47 --> End of logging variable ...  
05-11-2021, 08:09:23 --> Start logging variable ...  
05-11-2021, 08:09:23 $logMessage : vnlab.manager@gmail.com
05-11-2021, 08:09:23 --> End of logging variable ...  
05-11-2021, 08:09:23 --> Start logging variable ...  
05-11-2021, 08:09:23 $logMessage : The sample that you developed seems interesting to us. Let\'s improve it.
05-11-2021, 08:09:23 --> End of logging variable ...  
05-11-2021, 08:09:28 --> Start logging variable ...  
05-11-2021, 08:09:28 $logMessage : bool(true)

05-11-2021, 08:09:28 --> End of logging variable ...  
05-11-2021, 08:13:11 --> Start logging variable ...  
05-11-2021, 08:13:11 $logMessage : vnlab.manager@gmail.com
05-11-2021, 08:13:11 --> End of logging variable ...  
05-11-2021, 08:13:11 --> Start logging variable ...  
05-11-2021, 08:13:11 $logMessage : Hi cool mate! Long time no see. How are you doning? Keep training yourself to get better, so that we shall finish several projects in the foreseerable future -=))))))
05-11-2021, 08:13:11 --> End of logging variable ...  
05-11-2021, 08:13:18 --> Start logging variable ...  
05-11-2021, 08:13:18 $logMessage : bool(true)

05-11-2021, 08:13:18 --> End of logging variable ...  
